TN:
SF:/Users/cliffano/dev/workspace/repoman/lib/cli.js
FN:8,_config
FN:34,_exec
FN:60,_list
FN:66,(anonymous_4)
FN:67,(anonymous_5)
FN:73,_clean
FN:79,_confirm
FN:82,(anonymous_8)
FN:95,(anonymous_9)
FN:113,exec
FNF:10
FNH:10
FNDA:4,_config
FNDA:4,_exec
FNDA:2,_list
FNDA:2,(anonymous_4)
FNDA:2,(anonymous_5)
FNDA:5,_clean
FNDA:3,_confirm
FNDA:3,(anonymous_8)
FNDA:5,(anonymous_9)
FNDA:16,exec
DA:1,1
DA:2,1
DA:3,1
DA:4,1
DA:5,1
DA:6,1
DA:8,1
DA:9,4
DA:11,4
DA:12,1
DA:19,3
DA:20,1
DA:25,2
DA:26,1
DA:31,4
DA:34,1
DA:36,4
DA:40,4
DA:41,3
DA:42,3
DA:45,4
DA:46,4
DA:47,4
DA:48,1
DA:51,4
DA:52,4
DA:53,4
DA:54,4
DA:55,4
DA:57,4
DA:60,1
DA:62,2
DA:63,2
DA:64,2
DA:66,2
DA:67,2
DA:68,2
DA:73,1
DA:75,5
DA:76,5
DA:77,5
DA:79,1
DA:81,3
DA:82,3
DA:84,3
DA:85,3
DA:86,3
DA:87,1
DA:89,2
DA:90,2
DA:95,5
DA:96,5
DA:97,4
DA:98,3
DA:99,3
DA:101,1
DA:102,1
DA:105,1
DA:113,1
DA:115,16
DA:130,16
DA:133,1
LF:62
LH:62
BRDA:11,1,0,1
BRDA:11,1,1,3
BRDA:11,2,0,4
BRDA:11,2,1,3
BRDA:11,2,2,3
BRDA:11,2,3,3
BRDA:19,3,0,1
BRDA:19,3,1,2
BRDA:19,4,0,3
BRDA:19,4,1,2
BRDA:25,5,0,1
BRDA:25,5,1,1
BRDA:40,6,0,3
BRDA:40,6,1,1
BRDA:47,7,0,1
BRDA:47,7,1,3
BRDA:51,8,0,4
BRDA:51,8,1,3
BRDA:52,9,0,1
BRDA:52,9,1,3
BRDA:54,10,0,1
BRDA:54,10,1,3
BRDA:54,11,0,4
BRDA:54,11,1,4
BRDA:54,11,2,4
BRDA:62,12,0,1
BRDA:62,12,1,1
BRDA:62,13,0,2
BRDA:62,13,1,2
BRDA:62,13,2,1
BRDA:75,14,0,4
BRDA:75,14,1,1
BRDA:75,15,0,5
BRDA:75,15,1,5
BRDA:75,15,2,5
BRDA:85,16,0,2
BRDA:85,16,1,1
BRDA:86,17,0,1
BRDA:86,17,1,2
BRDA:96,18,0,4
BRDA:96,18,1,1
BRDA:97,19,0,3
BRDA:97,19,1,1
BRF:43
BRH:43
end_of_record
TN:
SF:/Users/cliffano/dev/workspace/repoman/lib/repoman.js
FN:20,Repoman
FN:32,(anonymous_2)
FN:34,_saveConfig
FN:89,(anonymous_4)
FN:99,selectByTags
FN:109,selectByRegex
FN:120,(anonymous_7)
FN:127,(anonymous_8)
FN:129,(anonymous_9)
FN:145,(anonymous_10)
FN:156,(anonymous_11)
FN:158,_dryRun
FN:159,(anonymous_13)
FN:165,_delete
FN:167,(anonymous_15)
FN:169,(anonymous_16)
FN:179,(anonymous_17)
FN:201,(anonymous_18)
FN:203,_checkKeywords
FNF:19
FNH:19
FNDA:34,Repoman
FNDA:6,(anonymous_2)
FNDA:5,_saveConfig
FNDA:6,(anonymous_4)
FNDA:10,selectByTags
FNDA:7,selectByRegex
FNDA:10,(anonymous_7)
FNDA:6,(anonymous_8)
FNDA:6,(anonymous_9)
FNDA:1,(anonymous_10)
FNDA:3,(anonymous_11)
FNDA:1,_dryRun
FNDA:4,(anonymous_13)
FNDA:1,_delete
FNDA:4,(anonymous_15)
FNDA:2,(anonymous_16)
FNDA:3,(anonymous_17)
FNDA:11,(anonymous_18)
FNDA:4,_checkKeywords
DA:1,1
DA:2,1
DA:3,1
DA:4,1
DA:5,1
DA:6,1
DA:7,1
DA:8,1
DA:9,1
DA:10,1
DA:12,1
DA:20,1
DA:21,34
DA:22,34
DA:32,1
DA:34,1
DA:35,5
DA:36,3
DA:37,1
DA:38,1
DA:40,3
DA:42,2
DA:46,6
DA:48,2
DA:49,2
DA:50,2
DA:55,4
DA:57,2
DA:58,2
DA:59,2
DA:63,2
DA:65,1
DA:66,1
DA:67,1
DA:71,1
DA:72,1
DA:89,1
DA:91,6
DA:93,6
DA:95,6
DA:96,6
DA:97,6
DA:99,1
DA:100,10
DA:101,10
DA:104,3
DA:106,10
DA:109,1
DA:110,7
DA:111,7
DA:112,2
DA:113,2
DA:114,1
DA:117,7
DA:120,6
DA:122,10
DA:123,6
DA:124,6
DA:125,6
DA:127,6
DA:128,6
DA:129,6
DA:130,6
DA:131,6
DA:137,6
DA:145,1
DA:146,1
DA:156,1
DA:158,1
DA:159,1
DA:160,4
DA:162,1
DA:165,1
DA:166,1
DA:167,1
DA:168,4
DA:169,2
DA:170,2
DA:171,2
DA:175,1
DA:178,3
DA:179,3
DA:180,3
DA:181,2
DA:182,1
DA:184,1
DA:187,1
DA:201,1
DA:203,1
DA:204,4
DA:210,4
DA:211,8
DA:212,11
DA:213,3
DA:214,3
DA:218,4
DA:221,11
DA:222,11
DA:223,7
DA:225,4
DA:226,4
DA:227,1
DA:231,11
DA:234,1
LF:104
LH:104
BRDA:21,1,0,34
BRDA:21,1,1,14
BRDA:22,2,0,34
BRDA:22,2,1,25
BRDA:35,3,0,3
BRDA:35,3,1,2
BRDA:36,4,0,1
BRDA:36,4,1,2
BRDA:46,5,0,2
BRDA:46,5,1,4
BRDA:51,6,0,1
BRDA:51,6,1,1
BRDA:52,7,0,1
BRDA:52,7,1,1
BRDA:55,8,0,2
BRDA:55,8,1,2
BRDA:60,9,0,1
BRDA:60,9,1,1
BRDA:63,10,0,1
BRDA:63,10,1,1
BRDA:91,11,0,6
BRDA:91,11,1,1
BRDA:93,12,0,6
BRDA:93,12,1,6
BRDA:101,13,0,3
BRDA:101,13,1,7
BRDA:101,14,0,10
BRDA:101,14,1,4
BRDA:101,14,2,2
BRDA:111,15,0,2
BRDA:111,15,1,5
BRDA:113,16,0,1
BRDA:113,16,1,1
BRDA:113,17,0,2
BRDA:113,17,1,1
BRDA:122,18,0,6
BRDA:122,18,1,4
BRDA:122,19,0,10
BRDA:122,19,1,7
BRDA:124,20,0,2
BRDA:124,20,1,4
BRDA:168,21,0,2
BRDA:168,21,1,2
BRDA:168,22,0,4
BRDA:168,22,1,2
BRDA:180,23,0,2
BRDA:180,23,1,1
BRDA:181,24,0,1
BRDA:181,24,1,1
BRDA:212,25,0,3
BRDA:212,25,1,8
BRDA:222,26,0,7
BRDA:222,26,1,4
BRDA:226,27,0,1
BRDA:226,27,1,3
BRF:55
BRH:55
end_of_record
TN:
SF:/Users/cliffano/dev/workspace/repoman/lib/generator/github.js
FN:13,GitHub
FN:50,(anonymous_2)
FN:55,(anonymous_3)
FN:56,(anonymous_4)
FN:63,(anonymous_5)
FN:74,(anonymous_6)
FN:75,(anonymous_7)
FN:81,(anonymous_8)
FN:91,(anonymous_9)
FN:94,(anonymous_10)
FN:95,(anonymous_11)
FN:104,(anonymous_12)
FN:109,process
FN:117,check
FN:120,_do
FN:121,(anonymous_16)
FN:127,done
FNF:17
FNH:17
FNDA:7,GitHub
FNDA:2,(anonymous_2)
FNDA:2,(anonymous_3)
FNDA:2,(anonymous_4)
FNDA:2,(anonymous_5)
FNDA:2,(anonymous_6)
FNDA:2,(anonymous_7)
FNDA:2,(anonymous_8)
FNDA:2,(anonymous_9)
FNDA:2,(anonymous_10)
FNDA:2,(anonymous_11)
FNDA:1,(anonymous_12)
FNDA:2,process
FNDA:2,check
FNDA:1,_do
FNDA:1,(anonymous_16)
FNDA:1,done
DA:1,1
DA:2,1
DA:3,1
DA:4,1
DA:13,1
DA:15,7
DA:20,7
DA:21,7
DA:22,1
DA:23,1
DA:29,7
DA:31,7
DA:32,1
DA:50,1
DA:51,2
DA:55,2
DA:56,2
DA:58,2
DA:64,2
DA:65,1
DA:67,1
DA:74,2
DA:75,2
DA:76,2
DA:82,2
DA:83,1
DA:85,1
DA:91,2
DA:92,2
DA:93,2
DA:94,1
DA:95,2
DA:96,2
DA:100,2
DA:104,1
DA:106,1
DA:109,1
DA:110,2
DA:113,2
DA:115,1
DA:117,1
DA:118,2
DA:120,1
DA:121,1
DA:122,1
DA:123,1
DA:124,1
DA:127,1
DA:128,1
DA:130,1
DA:133,1
LF:51
LH:51
BRDA:21,1,0,1
BRDA:21,1,1,6
BRDA:31,2,0,1
BRDA:31,2,1,6
BRDA:31,3,0,7
BRDA:31,3,1,1
BRDA:64,4,0,1
BRDA:64,4,1,1
BRDA:82,5,0,1
BRDA:82,5,1,1
BRDA:93,6,0,1
BRDA:93,6,1,1
BRF:12
BRH:12
end_of_record
TN:
SF:/Users/cliffano/dev/workspace/repoman/lib/generator/gitorious.js
FN:10,Gitorious
FN:20,(anonymous_2)
FN:24,(anonymous_3)
FN:25,(anonymous_4)
FN:30,(anonymous_5)
FN:33,(anonymous_6)
FN:34,(anonymous_7)
FNF:7
FNH:7
FNDA:4,Gitorious
FNDA:2,(anonymous_2)
FNDA:2,(anonymous_3)
FNDA:2,(anonymous_4)
FNDA:2,(anonymous_5)
FNDA:1,(anonymous_6)
FNDA:2,(anonymous_7)
DA:1,1
DA:2,1
DA:10,1
DA:11,4
DA:20,1
DA:21,2
DA:22,2
DA:24,2
DA:25,2
DA:26,2
DA:30,2
DA:31,2
DA:32,2
DA:33,1
DA:34,1
DA:35,2
DA:39,2
DA:43,1
LF:18
LH:18
BRDA:32,1,0,1
BRDA:32,1,1,1
BRF:2
BRH:2
end_of_record
TN:
SF:/Users/cliffano/dev/workspace/repoman/lib/generator/local.js
FN:12,Local
FN:23,(anonymous_2)
FN:29,(anonymous_3)
FN:46,(anonymous_4)
FN:54,(anonymous_5)
FNF:5
FNH:5
FNDA:4,Local
FNDA:3,(anonymous_2)
FNDA:6,(anonymous_3)
FNDA:2,(anonymous_4)
FNDA:2,(anonymous_5)
DA:1,1
DA:2,1
DA:3,1
DA:4,1
DA:12,1
DA:13,4
DA:23,1
DA:25,3
DA:26,3
DA:27,3
DA:29,3
DA:31,6
DA:32,6
DA:34,6
DA:35,2
DA:37,4
DA:38,2
DA:43,3
DA:46,1
DA:48,2
DA:49,2
DA:51,2
DA:54,1
DA:56,2
DA:57,2
DA:59,2
DA:62,1
LF:27
LH:27
BRDA:34,1,0,2
BRDA:34,1,1,4
BRDA:37,2,0,2
BRDA:37,2,1,2
BRF:4
BRH:4
end_of_record
